<?xml version="1.0" encoding="UTF-8"?>
<testng-results skipped="0" failed="1" total="17" passed="16">
  <reporter-output>
  </reporter-output>
  <suite name="Jongo Service Test" duration-ms="1946" started-at="2011-04-26T18:51:11Z" finished-at="2011-04-26T18:51:12Z">
    <groups>
    </groups>
    <test name="Test Jongo" duration-ms="1946" started-at="2011-04-26T18:51:11Z" finished-at="2011-04-26T18:51:12Z">
      <class name="de.jongo.test.JongoServiceTest">
        <test-method status="PASS" signature="beforeSuite(java.lang.String, java.lang.String)" name="beforeSuite" is-config="true" duration-ms="27" started-at="2011-04-26T18:51:10Z" finished-at="2011-04-26T18:51:11Z">
          <params>
            <param index="0">
              <value>
                <![CDATA[127.0.0.1]]>
              </value>
            </param>
            <param index="1">
              <value>
                <![CDATA[9090]]>
              </value>
            </param>
          </params>
        </test-method>
        <test-method status="PASS" signature="connect()" name="connect" duration-ms="100" started-at="2011-04-26T18:51:11Z" finished-at="2011-04-26T18:51:11Z">
        </test-method>
        <test-method status="PASS" signature="isAlive()" name="isAlive" duration-ms="49" started-at="2011-04-26T18:51:11Z" finished-at="2011-04-26T18:51:11Z">
        </test-method>
        <test-method status="PASS" signature="insertError()" name="insertError" duration-ms="57" started-at="2011-04-26T18:51:11Z" finished-at="2011-04-26T18:51:11Z">
        </test-method>
        <test-method status="PASS" signature="dropData()" name="dropData" duration-ms="52" started-at="2011-04-26T18:51:11Z" finished-at="2011-04-26T18:51:11Z">
        </test-method>
        <test-method status="PASS" signature="insert()" name="insert" duration-ms="66" started-at="2011-04-26T18:51:11Z" finished-at="2011-04-26T18:51:11Z">
        </test-method>
        <test-method status="PASS" signature="remove()" name="remove" duration-ms="48" started-at="2011-04-26T18:51:11Z" finished-at="2011-04-26T18:51:11Z">
        </test-method>
        <test-method status="PASS" signature="updateError()" name="updateError" duration-ms="68" started-at="2011-04-26T18:51:11Z" finished-at="2011-04-26T18:51:11Z">
        </test-method>
        <test-method status="PASS" signature="update()" name="update" duration-ms="65" started-at="2011-04-26T18:51:11Z" finished-at="2011-04-26T18:51:11Z">
        </test-method>
        <test-method status="PASS" signature="find()" name="find" duration-ms="47" started-at="2011-04-26T18:51:11Z" finished-at="2011-04-26T18:51:11Z">
        </test-method>
        <test-method status="PASS" signature="close()" name="close" duration-ms="53" started-at="2011-04-26T18:51:12Z" finished-at="2011-04-26T18:51:12Z">
        </test-method>
        <test-method status="PASS" signature="afterSuite()" name="afterSuite" is-config="true" duration-ms="1" started-at="2011-04-26T18:51:13Z" finished-at="2011-04-26T18:51:13Z">
        </test-method>
      </class>
      <class name="de.jongo.test.JongoFindTest">
        <test-method status="PASS" signature="connect()" name="connect" duration-ms="46" started-at="2011-04-26T18:51:12Z" finished-at="2011-04-26T18:51:12Z">
        </test-method>
        <test-method status="PASS" signature="dropData()" name="dropData" duration-ms="54" started-at="2011-04-26T18:51:12Z" finished-at="2011-04-26T18:51:12Z">
        </test-method>
        <test-method status="PASS" signature="insert()" name="insert" duration-ms="98" started-at="2011-04-26T18:51:12Z" finished-at="2011-04-26T18:51:12Z">
        </test-method>
        <test-method status="PASS" signature="findAll()" name="findAll" duration-ms="120" started-at="2011-04-26T18:51:12Z" finished-at="2011-04-26T18:51:12Z">
        </test-method>
        <test-method status="FAIL" signature="findBatch()" name="findBatch" duration-ms="147" started-at="2011-04-26T18:51:12Z" finished-at="2011-04-26T18:51:12Z">
          <exception class="java.lang.AssertionError">
            <message>
              <![CDATA[expected:<40> but was:<150>]]>
            </message>
            <full-stacktrace>
              <![CDATA[java.lang.AssertionError: expected:<40> but was:<150>
	at org.testng.Assert.fail(Assert.java:89)
	at org.testng.Assert.failNotEquals(Assert.java:480)
	at org.testng.Assert.assertEquals(Assert.java:118)
	at org.testng.Assert.assertEquals(Assert.java:365)
	at org.testng.Assert.assertEquals(Assert.java:375)
	at de.jongo.test.JongoFindTest.findBatch(JongoFindTest.java:55)
	at sun.reflect.NativeMethodAccessorImpl.invoke0(Native Method)
	at sun.reflect.NativeMethodAccessorImpl.invoke(NativeMethodAccessorImpl.java:39)
	at sun.reflect.DelegatingMethodAccessorImpl.invoke(DelegatingMethodAccessorImpl.java:25)
	at java.lang.reflect.Method.invoke(Method.java:597)
	at org.testng.internal.MethodInvocationHelper.invokeMethod(MethodInvocationHelper.java:76)
	at org.testng.internal.Invoker.invokeMethod(Invoker.java:673)
	at org.testng.internal.Invoker.invokeTestMethod(Invoker.java:846)
	at org.testng.internal.Invoker.invokeTestMethods(Invoker.java:1170)
	at org.testng.internal.TestMethodWorker.invokeTestMethods(TestMethodWorker.java:125)
	at org.testng.internal.TestMethodWorker.run(TestMethodWorker.java:109)
	at org.testng.TestRunner.runWorkers(TestRunner.java:1147)
	at org.testng.TestRunner.privateRun(TestRunner.java:749)
	at org.testng.TestRunner.run(TestRunner.java:600)
	at org.testng.SuiteRunner.runTest(SuiteRunner.java:317)
	at org.testng.SuiteRunner.runSequentially(SuiteRunner.java:312)
	at org.testng.SuiteRunner.privateRun(SuiteRunner.java:274)
	at org.testng.SuiteRunner.run(SuiteRunner.java:223)
	at org.testng.SuiteRunnerWorker.runSuite(SuiteRunnerWorker.java:52)
	at org.testng.SuiteRunnerWorker.run(SuiteRunnerWorker.java:86)
	at org.testng.TestNG.runSuitesSequentially(TestNG.java:1039)
	at org.testng.TestNG.runSuitesLocally(TestNG.java:964)
	at org.testng.TestNG.run(TestNG.java:900)
	at org.testng.remote.RemoteTestNG.run(RemoteTestNG.java:110)
	at org.testng.remote.RemoteTestNG.initAndRun(RemoteTestNG.java:205)
	at org.testng.remote.RemoteTestNG.main(RemoteTestNG.java:174)
]]>
            </full-stacktrace>
          </exception>
        </test-method>
        <test-method status="PASS" signature="findCriteria()" name="findCriteria" duration-ms="53" started-at="2011-04-26T18:51:12Z" finished-at="2011-04-26T18:51:12Z">
        </test-method>
        <test-method status="PASS" signature="close()" name="close" duration-ms="45" started-at="2011-04-26T18:51:12Z" finished-at="2011-04-26T18:51:12Z">
        </test-method>
      </class>
    </test>
  </suite>
</testng-results>
